Using pre-set license
Built from '2021.2/staging' branch; Version is '2021.2.18f1 (0c6e675195cf) revision 814695'; Using compiler version '192829333'; Build Type 'Release'
OS: 'Windows 10  (10.0.19043) 64bit Core' Language: 'ko' Physical Memory: 8137 MB
BatchMode: 1, IsHumanControllingUs: 0, StartBugReporterOnCrash: 0, Is64bit: 1, IsPro: 1

COMMAND LINE ARGUMENTS:
C:\Program Files\Unity\Hub\Editor\2021.2.18f1\Editor\Unity.exe
-adb2
-batchMode
-noUpm
-name
AssetImportWorker1
-projectPath
C:/Users/hykcg/Downloads/MyDefense03211500/MyDefense0311
-logFile
Logs/AssetImportWorker1.log
-srvPort
64430
Successfully changed project path to: C:/Users/hykcg/Downloads/MyDefense03211500/MyDefense0311
C:/Users/hykcg/Downloads/MyDefense03211500/MyDefense0311
[UnityMemory] Configuration Parameters - Can be set up in boot.config
    "memorysetup-bucket-allocator-granularity=16"
    "memorysetup-bucket-allocator-bucket-count=8"
    "memorysetup-bucket-allocator-block-size=33554432"
    "memorysetup-bucket-allocator-block-count=8"
    "memorysetup-main-allocator-block-size=16777216"
    "memorysetup-thread-allocator-block-size=16777216"
    "memorysetup-gfx-main-allocator-block-size=16777216"
    "memorysetup-gfx-thread-allocator-block-size=16777216"
    "memorysetup-cache-allocator-block-size=4194304"
    "memorysetup-typetree-allocator-block-size=2097152"
    "memorysetup-profiler-bucket-allocator-granularity=16"
    "memorysetup-profiler-bucket-allocator-bucket-count=8"
    "memorysetup-profiler-bucket-allocator-block-size=33554432"
    "memorysetup-profiler-bucket-allocator-block-count=8"
    "memorysetup-profiler-allocator-block-size=16777216"
    "memorysetup-profiler-editor-allocator-block-size=1048576"
    "memorysetup-temp-allocator-size-main=16777216"
    "memorysetup-job-temp-allocator-block-size=2097152"
    "memorysetup-job-temp-allocator-block-size-background=1048576"
    "memorysetup-job-temp-allocator-reduction-small-platforms=262144"
    "memorysetup-temp-allocator-size-background-worker=32768"
    "memorysetup-temp-allocator-size-job-worker=262144"
    "memorysetup-temp-allocator-size-preload-manager=33554432"
    "memorysetup-temp-allocator-size-nav-mesh-worker=65536"
    "memorysetup-temp-allocator-size-audio-worker=65536"
    "memorysetup-temp-allocator-size-cloud-worker=32768"
    "memorysetup-temp-allocator-size-gi-baking-worker=262144"
    "memorysetup-temp-allocator-size-gfx=262144"
Refreshing native plugins compatible for Editor in 32.67 ms, found 2 plugins.
Preloading 0 native plugins for Editor in 0.00 ms.
Initialize engine version: 2021.2.18f1 (0c6e675195cf)
[Subsystems] Discovering subsystems at path C:/Program Files/Unity/Hub/Editor/2021.2.18f1/Editor/Data/Resources/UnitySubsystems
[Subsystems] Discovering subsystems at path C:/Users/hykcg/Downloads/MyDefense03211500/MyDefense0311/Assets
GfxDevice: creating device client; threaded=0; jobified=0
Direct3D:
    Version:  Direct3D 11.0 [level 11.1]
    Renderer: NVIDIA GeForce GT 1030 (ID=0x1d01)
    Vendor:   NVIDIA
    VRAM:     1982 MB
    Driver:   30.0.15.1215
Initialize mono
Mono path[0] = 'C:/Program Files/Unity/Hub/Editor/2021.2.18f1/Editor/Data/Managed'
Mono path[1] = 'C:/Program Files/Unity/Hub/Editor/2021.2.18f1/Editor/Data/MonoBleedingEdge/lib/mono/unityjit-win32'
Mono config path = 'C:/Program Files/Unity/Hub/Editor/2021.2.18f1/Editor/Data/MonoBleedingEdge/etc'
Using monoOptions --debugger-agent=transport=dt_socket,embedding=1,server=y,suspend=n,address=127.0.0.1:56444
Begin MonoManager ReloadAssembly
Registering precompiled unity dll's ...
Register platform support module: C:/Program Files/Unity/Hub/Editor/2021.2.18f1/Editor/Data/PlaybackEngines/WindowsStandaloneSupport/UnityEditor.WindowsStandalone.Extensions.dll
Registered in 0.034843 seconds.
Native extension for WindowsStandalone target not found
Refreshing native plugins compatible for Editor in 29.87 ms, found 2 plugins.
Preloading 0 native plugins for Editor in 0.00 ms.
Mono: successfully reloaded assembly
- Completed reload, in  0.774 seconds
Domain Reload Profiling:
	ReloadAssembly (775ms)
		BeginReloadAssembly (129ms)
			ExecutionOrderSort (0ms)
			DisableScriptedObjects (0ms)
			BackupInstance (0ms)
			ReleaseScriptingObjects (0ms)
			CreateAndSetChildDomain (1ms)
		EndReloadAssembly (450ms)
			LoadAssemblies (123ms)
			RebuildTransferFunctionScriptingTraits (0ms)
			SetupTypeCache (116ms)
			ReleaseScriptCaches (0ms)
			RebuildScriptCaches (33ms)
			SetupLoadedEditorAssemblies (233ms)
				LogAssemblyErrors (0ms)
				InitializePlatformSupportModulesInManaged (14ms)
				SetLoadedEditorAssemblies (0ms)
				RefreshPlugins (30ms)
				BeforeProcessingInitializeOnLoad (1ms)
				ProcessInitializeOnLoadAttributes (135ms)
				ProcessInitializeOnLoadMethodAttributes (53ms)
				AfterProcessingInitializeOnLoad (0ms)
				EditorAssembliesLoaded (0ms)
			ExecutionOrderSort2 (0ms)
			AwakeInstancesAfterBackupRestoration (0ms)
Platform modules already initialized, skipping
Registering precompiled user dll's ...
Registered in 0.005676 seconds.
Begin MonoManager ReloadAssembly
Native extension for WindowsStandalone target not found
Refreshing native plugins compatible for Editor in 0.40 ms, found 2 plugins.
Preloading 0 native plugins for Editor in 0.00 ms.
Mono: successfully reloaded assembly
- Completed reload, in  1.141 seconds
Domain Reload Profiling:
	ReloadAssembly (1142ms)
		BeginReloadAssembly (180ms)
			ExecutionOrderSort (0ms)
			DisableScriptedObjects (6ms)
			BackupInstance (0ms)
			ReleaseScriptingObjects (0ms)
			CreateAndSetChildDomain (20ms)
		EndReloadAssembly (794ms)
			LoadAssemblies (148ms)
			RebuildTransferFunctionScriptingTraits (0ms)
			SetupTypeCache (229ms)
			ReleaseScriptCaches (1ms)
			RebuildScriptCaches (46ms)
			SetupLoadedEditorAssemblies (359ms)
				LogAssemblyErrors (0ms)
				InitializePlatformSupportModulesInManaged (12ms)
				SetLoadedEditorAssemblies (1ms)
				RefreshPlugins (0ms)
				BeforeProcessingInitializeOnLoad (83ms)
				ProcessInitializeOnLoadAttributes (207ms)
				ProcessInitializeOnLoadMethodAttributes (29ms)
				AfterProcessingInitializeOnLoad (27ms)
				EditorAssembliesLoaded (0ms)
			ExecutionOrderSort2 (0ms)
			AwakeInstancesAfterBackupRestoration (14ms)
Platform modules already initialized, skipping
========================================================================
Worker process is ready to serve import requests
Launched and connected shader compiler UnityShaderCompiler.exe after 0.05 seconds
Refreshing native plugins compatible for Editor in 0.37 ms, found 2 plugins.
Preloading 0 native plugins for Editor in 0.00 ms.
Unloading 1587 Unused Serialized files (Serialized files now loaded: 0)
Unloading 16 unused Assets / (47.5 KB). Loaded Objects now: 2059.
Memory consumption went from 147.0 MB to 147.0 MB.
Total: 2.821100 ms (FindLiveObjects: 0.168900 ms CreateObjectMapping: 0.044600 ms MarkObjects: 2.520600 ms  DeleteObjects: 0.086100 ms)

AssetImportParameters requested are different than current active one (requested -> active):
  custom:video-decoder-ogg-theora: a1e56fd34408186e4bbccfd4996cb3dc -> 
  custom:container-muxer-webm: aa71ff27fc2769a1b78a27578f13a17b -> 
  custom:container-demuxer-webm: 4f35f7cbe854078d1ac9338744f61a02 -> 
  custom:video-encoder-webm-vp8: eb34c28f22e8b96e1ab97ce403110664 -> 
  custom:audio-encoder-webm-vorbis: bf7c407c2cedff20999df2af8eb42d56 -> 
  custom:framework-win-MediaFoundation: 216162199b28c13a410421893ffa2e32 -> 
  custom:container-demuxer-ogg: 62fdf1f143b41e24485cea50d1cbac27 -> 
  custom:video-decoder-webm-vp8: 9c59270c3fd7afecdb556c50c9e8de78 -> 
  custom:audio-decoder-ogg-vorbis: bf7c407c2cedff20999df2af8eb42d56 -> 
========================================================================
Received Prepare
Registering precompiled user dll's ...
Registered in 0.005854 seconds.
Begin MonoManager ReloadAssembly
Native extension for WindowsStandalone target not found
Refreshing native plugins compatible for Editor in 0.56 ms, found 2 plugins.
Preloading 0 native plugins for Editor in 0.00 ms.
Mono: successfully reloaded assembly
- Completed reload, in  1.145 seconds
Domain Reload Profiling:
	ReloadAssembly (1146ms)
		BeginReloadAssembly (203ms)
			ExecutionOrderSort (0ms)
			DisableScriptedObjects (5ms)
			BackupInstance (0ms)
			ReleaseScriptingObjects (0ms)
			CreateAndSetChildDomain (31ms)
		EndReloadAssembly (803ms)
			LoadAssemblies (154ms)
			RebuildTransferFunctionScriptingTraits (0ms)
			SetupTypeCache (218ms)
			ReleaseScriptCaches (1ms)
			RebuildScriptCaches (41ms)
			SetupLoadedEditorAssemblies (384ms)
				LogAssemblyErrors (0ms)
				InitializePlatformSupportModulesInManaged (21ms)
				SetLoadedEditorAssemblies (0ms)
				RefreshPlugins (1ms)
				BeforeProcessingInitializeOnLoad (83ms)
				ProcessInitializeOnLoadAttributes (215ms)
				ProcessInitializeOnLoadMethodAttributes (32ms)
				AfterProcessingInitializeOnLoad (32ms)
				EditorAssembliesLoaded (0ms)
			ExecutionOrderSort2 (0ms)
			AwakeInstancesAfterBackupRestoration (18ms)
Platform modules already initialized, skipping
Refreshing native plugins compatible for Editor in 2.76 ms, found 2 plugins.
Preloading 0 native plugins for Editor in 0.00 ms.
Unloading 1581 Unused Serialized files (Serialized files now loaded: 0)
Unloading 9 unused Assets / (24.7 KB). Loaded Objects now: 2062.
Memory consumption went from 146.8 MB to 146.8 MB.
Total: 2.820700 ms (FindLiveObjects: 0.204000 ms CreateObjectMapping: 0.051900 ms MarkObjects: 2.534500 ms  DeleteObjects: 0.029100 ms)

AssetImportParameters requested are different than current active one (requested -> active):
  custom:video-decoder-ogg-theora: a1e56fd34408186e4bbccfd4996cb3dc -> 
  custom:container-muxer-webm: aa71ff27fc2769a1b78a27578f13a17b -> 
  custom:container-demuxer-webm: 4f35f7cbe854078d1ac9338744f61a02 -> 
  custom:video-encoder-webm-vp8: eb34c28f22e8b96e1ab97ce403110664 -> 
  custom:audio-encoder-webm-vorbis: bf7c407c2cedff20999df2af8eb42d56 -> 
  custom:framework-win-MediaFoundation: 216162199b28c13a410421893ffa2e32 -> 
  custom:container-demuxer-ogg: 62fdf1f143b41e24485cea50d1cbac27 -> 
  custom:video-decoder-webm-vp8: 9c59270c3fd7afecdb556c50c9e8de78 -> 
  custom:audio-decoder-ogg-vorbis: bf7c407c2cedff20999df2af8eb42d56 -> 
========================================================================
Received Import Request.
  Time since last request: 10344.553346 seconds.
  path: Assets/MainScene/ReflectionProbe-0.exr
  artifactKey: Guid(0892c1c4be7d417418e5373c2fdf30a6) Importer(815301076,1909f56bfc062723c751e8b465ee728b)
Start importing Assets/MainScene/ReflectionProbe-0.exr using Guid(0892c1c4be7d417418e5373c2fdf30a6) Importer(815301076,1909f56bfc062723c751e8b465ee728b)  -> (artifact id: '7505aec74f2fd7b29af313cae1737baa') in 0.114590 seconds 
========================================================================
Received Import Request.
  Time since last request: 0.230849 seconds.
  path: Assets/Materials/Bullet.mat
  artifactKey: Guid(b8e42eee6cd95c749a843592f603ade1) Importer(815301076,1909f56bfc062723c751e8b465ee728b)
Start importing Assets/Materials/Bullet.mat using Guid(b8e42eee6cd95c749a843592f603ade1) Importer(815301076,1909f56bfc062723c751e8b465ee728b)  -> (artifact id: '593ded45186dc53289b6b9d10a88d6e4') in 0.235985 seconds 
========================================================================
Received Import Request.
  Time since last request: 0.000016 seconds.
  path: Assets/Materials/SellEffect.mat
  artifactKey: Guid(bee6fc920b51dad4daff56c296a34bca) Importer(815301076,1909f56bfc062723c751e8b465ee728b)
Start importing Assets/Materials/SellEffect.mat using Guid(bee6fc920b51dad4daff56c296a34bca) Importer(815301076,1909f56bfc062723c751e8b465ee728b)  -> (artifact id: 'd337df010009ea7d3abe887498aedb93') in 0.096801 seconds 
========================================================================
Received Import Request.
  Time since last request: 0.000019 seconds.
  path: Assets/Prefabs/SellEffect Variant.prefab
  artifactKey: Guid(eb5e99c51fee467419d96cf477645b9a) Importer(815301076,1909f56bfc062723c751e8b465ee728b)
Start importing Assets/Prefabs/SellEffect Variant.prefab using Guid(eb5e99c51fee467419d96cf477645b9a) Importer(815301076,1909f56bfc062723c751e8b465ee728b)  -> (artifact id: '9e2421f206b1680de54741979ef22c6d') in 0.034008 seconds 
========================================================================
Received Import Request.
  Time since last request: 0.000019 seconds.
  path: Assets/Prefabs/EnemyDeathEffect.prefab
  artifactKey: Guid(b0eefc840ae57524e89d0abf76bdc514) Importer(815301076,1909f56bfc062723c751e8b465ee728b)
Start importing Assets/Prefabs/EnemyDeathEffect.prefab using Guid(b0eefc840ae57524e89d0abf76bdc514) Importer(815301076,1909f56bfc062723c751e8b465ee728b)  -> (artifact id: 'f5d4e75107ea640058d48b2a22289617') in 0.010596 seconds 
========================================================================
Received Import Request.
  Time since last request: 0.000018 seconds.
  path: Assets/Prefabs/Waypoint.prefab
  artifactKey: Guid(638f6925e1f6b424782a2a0bcb6a501e) Importer(815301076,1909f56bfc062723c751e8b465ee728b)
Start importing Assets/Prefabs/Waypoint.prefab using Guid(638f6925e1f6b424782a2a0bcb6a501e) Importer(815301076,1909f56bfc062723c751e8b465ee728b)  -> (artifact id: '28d40515c3c974a0073e58bb92f59bb9') in 0.005385 seconds 
========================================================================
Received Import Request.
  Time since last request: 0.000025 seconds.
  path: Assets/Prefabs/BuildEffect Variant.prefab
  artifactKey: Guid(b0b07063120e99a4e9429ca1afc96023) Importer(815301076,1909f56bfc062723c751e8b465ee728b)
Start importing Assets/Prefabs/BuildEffect Variant.prefab using Guid(b0b07063120e99a4e9429ca1afc96023) Importer(815301076,1909f56bfc062723c751e8b465ee728b)  -> (artifact id: '6f0aa52d50fe6abcb883c1965d407e9b') in 0.011359 seconds 
========================================================================
Received Import Request.
  Time since last request: 0.000022 seconds.
  path: Assets/Prefabs/Missile 1.prefab
  artifactKey: Guid(093df85767171764ba8fa163eb86b8ad) Importer(815301076,1909f56bfc062723c751e8b465ee728b)
Start importing Assets/Prefabs/Missile 1.prefab using Guid(093df85767171764ba8fa163eb86b8ad) Importer(815301076,1909f56bfc062723c751e8b465ee728b)  -> (artifact id: '2a1c590be9aa2721709355517e19265d') in 0.020111 seconds 
========================================================================
Received Import Request.
  Time since last request: 0.000015 seconds.
  path: Assets/Prefabs/LaserBeamer_Upgraded.prefab
  artifactKey: Guid(9d9e6c16131389c4894babab95172423) Importer(815301076,1909f56bfc062723c751e8b465ee728b)
Start importing Assets/Prefabs/LaserBeamer_Upgraded.prefab using Guid(9d9e6c16131389c4894babab95172423) Importer(815301076,1909f56bfc062723c751e8b465ee728b)  -> (artifact id: '37a3e4f4236e3b3461b906346cc2582b') in 0.064675 seconds 
========================================================================
Received Import Request.
  Time since last request: 0.000017 seconds.
  path: Assets/Materials/LaserGlow.mat
  artifactKey: Guid(67c5769cd21fbb1438fae76c7d8d3e0a) Importer(815301076,1909f56bfc062723c751e8b465ee728b)
Start importing Assets/Materials/LaserGlow.mat using Guid(67c5769cd21fbb1438fae76c7d8d3e0a) Importer(815301076,1909f56bfc062723c751e8b465ee728b)  -> (artifact id: 'bd6c338889aabb64b32da0856c7bc619') in 0.010364 seconds 
========================================================================
Received Import Request.
  Time since last request: 0.000015 seconds.
  path: Assets/Prefabs/StandardTurret.prefab
  artifactKey: Guid(59bb3071d7db89544957d8cfe0c70539) Importer(815301076,1909f56bfc062723c751e8b465ee728b)
Start importing Assets/Prefabs/StandardTurret.prefab using Guid(59bb3071d7db89544957d8cfe0c70539) Importer(815301076,1909f56bfc062723c751e8b465ee728b)  -> (artifact id: 'a2135c6254aac2440cc8edd4846154ad') in 0.017777 seconds 
========================================================================
Received Import Request.
  Time since last request: 0.000019 seconds.
  path: Assets/Materials/GorundPlane.mat
  artifactKey: Guid(d10784549f1dc1b488f053e446a04472) Importer(815301076,1909f56bfc062723c751e8b465ee728b)
Start importing Assets/Materials/GorundPlane.mat using Guid(d10784549f1dc1b488f053e446a04472) Importer(815301076,1909f56bfc062723c751e8b465ee728b)  -> (artifact id: '67082c35e4822eaa2064e17b3d530317') in 0.011048 seconds 
========================================================================
Received Import Request.
  Time since last request: 0.000023 seconds.
  path: Assets/Prefabs/Missile Launcher.prefab
  artifactKey: Guid(a99ce2941b3497543b62a262dcc43758) Importer(815301076,1909f56bfc062723c751e8b465ee728b)
Start importing Assets/Prefabs/Missile Launcher.prefab using Guid(a99ce2941b3497543b62a262dcc43758) Importer(815301076,1909f56bfc062723c751e8b465ee728b)  -> (artifact id: '54e16422d8db0756119a3f36b094699e') in 0.022652 seconds 
========================================================================
Received Import Request.
  Time since last request: 0.000034 seconds.
  path: Assets/Prefabs/Enemy.prefab
  artifactKey: Guid(071c39fd86875744eac342b945cfde6c) Importer(815301076,1909f56bfc062723c751e8b465ee728b)
Start importing Assets/Prefabs/Enemy.prefab using Guid(071c39fd86875744eac342b945cfde6c) Importer(815301076,1909f56bfc062723c751e8b465ee728b)  -> (artifact id: 'a6d04e76e2a7d84ea90ea3fbf1167bc2') in 0.023533 seconds 
========================================================================
Received Import Request.
  Time since last request: 0.000019 seconds.
  path: Assets/Prefabs/MissileExplosionEffect 1 1.prefab
  artifactKey: Guid(c730ee9a93a28c04c8ef7424cc463e80) Importer(815301076,1909f56bfc062723c751e8b465ee728b)
Start importing Assets/Prefabs/MissileExplosionEffect 1 1.prefab using Guid(c730ee9a93a28c04c8ef7424cc463e80) Importer(815301076,1909f56bfc062723c751e8b465ee728b)  -> (artifact id: '8cfb1fb13be3ba4b9479b89c92a00571') in 0.030907 seconds 
========================================================================
Received Import Request.
  Time since last request: 0.000019 seconds.
  path: Assets/Materials/BulletImpact.mat
  artifactKey: Guid(6217063891c85b348879671ef69865b1) Importer(815301076,1909f56bfc062723c751e8b465ee728b)
Start importing Assets/Materials/BulletImpact.mat using Guid(6217063891c85b348879671ef69865b1) Importer(815301076,1909f56bfc062723c751e8b465ee728b)  -> (artifact id: 'effa67f9b31b38fa14fc18ea93fb3181') in 0.009719 seconds 
========================================================================
Received Import Request.
  Time since last request: 0.000024 seconds.
  path: Assets/Materials/Enemy.mat
  artifactKey: Guid(f92d5d78364ce1b49ae761450ac9477b) Importer(815301076,1909f56bfc062723c751e8b465ee728b)
Start importing Assets/Materials/Enemy.mat using Guid(f92d5d78364ce1b49ae761450ac9477b) Importer(815301076,1909f56bfc062723c751e8b465ee728b)  -> (artifact id: '44d3958aa9bb1e2bd0ec81c30b6dd2c2') in 0.009426 seconds 
========================================================================
Received Import Request.
  Time since last request: 4.228206 seconds.
  path: Assets/Fonts/Roboto-BlackItalic.ttf
  artifactKey: Guid(ba10268c12b819a49bb8ed12381ccacc) Importer(815301076,1909f56bfc062723c751e8b465ee728b)
Start importing Assets/Fonts/Roboto-BlackItalic.ttf using Guid(ba10268c12b819a49bb8ed12381ccacc) Importer(815301076,1909f56bfc062723c751e8b465ee728b)  -> (artifact id: 'd83fc9d38d96faba99da24c7c2ef8e8b') in 0.088152 seconds 
========================================================================
Received Import Request.
  Time since last request: 0.000026 seconds.
  path: Assets/Fonts/Roboto-Regular.ttf
  artifactKey: Guid(ebaa276d3b4e30f42aaa0026501cde72) Importer(815301076,1909f56bfc062723c751e8b465ee728b)
Start importing Assets/Fonts/Roboto-Regular.ttf using Guid(ebaa276d3b4e30f42aaa0026501cde72) Importer(815301076,1909f56bfc062723c751e8b465ee728b)  -> (artifact id: '0465a69033361457640aa09aae597a1e') in 0.014207 seconds 
========================================================================
Received Import Request.
  Time since last request: 0.000032 seconds.
  path: Assets/Fonts/Roboto-ThinItalic.ttf
  artifactKey: Guid(15144770ad684f34497662414cf65cc0) Importer(815301076,1909f56bfc062723c751e8b465ee728b)
Start importing Assets/Fonts/Roboto-ThinItalic.ttf using Guid(15144770ad684f34497662414cf65cc0) Importer(815301076,1909f56bfc062723c751e8b465ee728b)  -> (artifact id: 'c26dbf73e876d72f45554e2ed9672038') in 0.012908 seconds 
========================================================================
Received Import Request.
  Time since last request: 0.000027 seconds.
  path: Assets/Fonts/Roboto-Medium.ttf
  artifactKey: Guid(e4fcb76c19b26d145a09af5536649962) Importer(815301076,1909f56bfc062723c751e8b465ee728b)
Start importing Assets/Fonts/Roboto-Medium.ttf using Guid(e4fcb76c19b26d145a09af5536649962) Importer(815301076,1909f56bfc062723c751e8b465ee728b)  -> (artifact id: 'f1cfacdf2663c152776870eb7e9ea42d') in 0.013876 seconds 
========================================================================
Received Import Request.
  Time since last request: 0.000032 seconds.
  path: Assets/Fonts/Roboto-Bold.ttf
  artifactKey: Guid(a1b7894e38157a74982ee764d5278076) Importer(815301076,1909f56bfc062723c751e8b465ee728b)
Start importing Assets/Fonts/Roboto-Bold.ttf using Guid(a1b7894e38157a74982ee764d5278076) Importer(815301076,1909f56bfc062723c751e8b465ee728b)  -> (artifact id: '58044c08960eddc3646744b6b70194f5') in 0.014977 seconds 
========================================================================
Received Import Request.
  Time since last request: 0.000028 seconds.
  path: Assets/Fonts/Roboto-MediumItalic.ttf
  artifactKey: Guid(22486f53e4a35384598d7f4539e42c8a) Importer(815301076,1909f56bfc062723c751e8b465ee728b)
Start importing Assets/Fonts/Roboto-MediumItalic.ttf using Guid(22486f53e4a35384598d7f4539e42c8a) Importer(815301076,1909f56bfc062723c751e8b465ee728b)  -> (artifact id: 'c30f1b643d8cab243f3d96b29a039ccb') in 0.013319 seconds 
